have_func: checking for rb_absint_size()... -------------------- yes

"clang -o conftest -I/Users/shiho/.rbenv/versions/2.4.0/include/ruby-2.4.0/x86_64-darwin16 -I/Users/shiho/.rbenv/versions/2.4.0/include/ruby-2.4.0/ruby/backward -I/Users/shiho/.rbenv/versions/2.4.0/include/ruby-2.4.0 -I. -I/usr/local/opt/openssl/include  -O3 -Wno-error=shorten-64-to-32  -pipe conftest.c  -L. -L/Users/shiho/.rbenv/versions/2.4.0/lib -L/usr/local/opt/openssl/lib     -lruby-static -framework CoreFoundation  -lpthread -ldl -lobjc "
checked program was:
/* begin */
1: #include "ruby.h"
2: 
3: int main(int argc, char **argv)
4: {
5:   return 0;
6: }
/* end */

"clang -o conftest -I/Users/shiho/.rbenv/versions/2.4.0/include/ruby-2.4.0/x86_64-darwin16 -I/Users/shiho/.rbenv/versions/2.4.0/include/ruby-2.4.0/ruby/backward -I/Users/shiho/.rbenv/versions/2.4.0/include/ruby-2.4.0 -I. -I/usr/local/opt/openssl/include  -O3 -Wno-error=shorten-64-to-32  -pipe conftest.c  -L. -L/Users/shiho/.rbenv/versions/2.4.0/lib -L/usr/local/opt/openssl/lib     -lruby-static -framework CoreFoundation  -lpthread -ldl -lobjc "
checked program was:
/* begin */
 1: #include "ruby.h"
 2: 
 3: /*top*/
 4: extern int t(void);
 5: int main(int argc, char **argv)
 6: {
 7:   if (argc > 1000000) {
 8:     printf("%p", &t);
 9:   }
10: 
11:   return 0;
12: }
13: int t(void) { void ((*volatile p)()); p = (void ((*)()))rb_absint_size; return !p; }
/* end */

--------------------

have_func: checking for rb_absint_singlebit_p()... -------------------- yes

"clang -o conftest -I/Users/shiho/.rbenv/versions/2.4.0/include/ruby-2.4.0/x86_64-darwin16 -I/Users/shiho/.rbenv/versions/2.4.0/include/ruby-2.4.0/ruby/backward -I/Users/shiho/.rbenv/versions/2.4.0/include/ruby-2.4.0 -I. -I/usr/local/opt/openssl/include  -O3 -Wno-error=shorten-64-to-32  -pipe conftest.c  -L. -L/Users/shiho/.rbenv/versions/2.4.0/lib -L/usr/local/opt/openssl/lib     -lruby-static -framework CoreFoundation  -lpthread -ldl -lobjc "
checked program was:
/* begin */
 1: #include "ruby.h"
 2: 
 3: /*top*/
 4: extern int t(void);
 5: int main(int argc, char **argv)
 6: {
 7:   if (argc > 1000000) {
 8:     printf("%p", &t);
 9:   }
10: 
11:   return 0;
12: }
13: int t(void) { void ((*volatile p)()); p = (void ((*)()))rb_absint_singlebit_p; return !p; }
/* end */

--------------------

have_header: checking for ruby/thread.h... -------------------- yes

"clang -E -I/Users/shiho/.rbenv/versions/2.4.0/include/ruby-2.4.0/x86_64-darwin16 -I/Users/shiho/.rbenv/versions/2.4.0/include/ruby-2.4.0/ruby/backward -I/Users/shiho/.rbenv/versions/2.4.0/include/ruby-2.4.0 -I. -I/usr/local/opt/openssl/include  -O3 -Wno-error=shorten-64-to-32  -pipe  conftest.c -o conftest.i"
checked program was:
/* begin */
1: #include "ruby.h"
2: 
3: #include <ruby/thread.h>
/* end */

--------------------

have_func: checking for rb_thread_call_without_gvl() in ruby/thread.h... -------------------- yes

"clang -o conftest -I/Users/shiho/.rbenv/versions/2.4.0/include/ruby-2.4.0/x86_64-darwin16 -I/Users/shiho/.rbenv/versions/2.4.0/include/ruby-2.4.0/ruby/backward -I/Users/shiho/.rbenv/versions/2.4.0/include/ruby-2.4.0 -I. -I/usr/local/opt/openssl/include  -O3 -Wno-error=shorten-64-to-32  -pipe conftest.c  -L. -L/Users/shiho/.rbenv/versions/2.4.0/lib -L/usr/local/opt/openssl/lib     -lruby-static -framework CoreFoundation  -lpthread -ldl -lobjc "
checked program was:
/* begin */
 1: #include "ruby.h"
 2: 
 3: #include <ruby/thread.h>
 4: 
 5: /*top*/
 6: extern int t(void);
 7: int main(int argc, char **argv)
 8: {
 9:   if (argc > 1000000) {
10:     printf("%p", &t);
11:   }
12: 
13:   return 0;
14: }
15: int t(void) { void ((*volatile p)()); p = (void ((*)()))rb_thread_call_without_gvl; return !p; }
/* end */

--------------------

have_func: checking for rb_thread_blocking_region()... -------------------- no

"clang -o conftest -I/Users/shiho/.rbenv/versions/2.4.0/include/ruby-2.4.0/x86_64-darwin16 -I/Users/shiho/.rbenv/versions/2.4.0/include/ruby-2.4.0/ruby/backward -I/Users/shiho/.rbenv/versions/2.4.0/include/ruby-2.4.0 -I. -I/usr/local/opt/openssl/include  -O3 -Wno-error=shorten-64-to-32  -pipe conftest.c  -L. -L/Users/shiho/.rbenv/versions/2.4.0/lib -L/usr/local/opt/openssl/lib     -lruby-static -framework CoreFoundation  -lpthread -ldl -lobjc "
conftest.c:13:57: error: use of undeclared identifier 'rb_thread_blocking_region'
int t(void) { void ((*volatile p)()); p = (void ((*)()))rb_thread_blocking_region; return !p; }
                                                        ^
1 error generated.
checked program was:
/* begin */
 1: #include "ruby.h"
 2: 
 3: /*top*/
 4: extern int t(void);
 5: int main(int argc, char **argv)
 6: {
 7:   if (argc > 1000000) {
 8:     printf("%p", &t);
 9:   }
10: 
11:   return 0;
12: }
13: int t(void) { void ((*volatile p)()); p = (void ((*)()))rb_thread_blocking_region; return !p; }
/* end */

"clang -o conftest -I/Users/shiho/.rbenv/versions/2.4.0/include/ruby-2.4.0/x86_64-darwin16 -I/Users/shiho/.rbenv/versions/2.4.0/include/ruby-2.4.0/ruby/backward -I/Users/shiho/.rbenv/versions/2.4.0/include/ruby-2.4.0 -I. -I/usr/local/opt/openssl/include  -O3 -Wno-error=shorten-64-to-32  -pipe conftest.c  -L. -L/Users/shiho/.rbenv/versions/2.4.0/lib -L/usr/local/opt/openssl/lib     -lruby-static -framework CoreFoundation  -lpthread -ldl -lobjc "
Undefined symbols for architecture x86_64:
  "_rb_thread_blocking_region", referenced from:
      _t in conftest-1d2540.o
ld: symbol(s) not found for architecture x86_64
clang: error: linker command failed with exit code 1 (use -v to see invocation)
checked program was:
/* begin */
 1: #include "ruby.h"
 2: 
 3: /*top*/
 4: extern int t(void);
 5: int main(int argc, char **argv)
 6: {
 7:   if (argc > 1000000) {
 8:     printf("%p", &t);
 9:   }
10: 
11:   return 0;
12: }
13: extern void rb_thread_blocking_region();
14: int t(void) { rb_thread_blocking_region(); return 0; }
/* end */

--------------------

have_func: checking for rb_wait_for_single_fd()... -------------------- yes

"clang -o conftest -I/Users/shiho/.rbenv/versions/2.4.0/include/ruby-2.4.0/x86_64-darwin16 -I/Users/shiho/.rbenv/versions/2.4.0/include/ruby-2.4.0/ruby/backward -I/Users/shiho/.rbenv/versions/2.4.0/include/ruby-2.4.0 -I. -I/usr/local/opt/openssl/include  -O3 -Wno-error=shorten-64-to-32  -pipe conftest.c  -L. -L/Users/shiho/.rbenv/versions/2.4.0/lib -L/usr/local/opt/openssl/lib     -lruby-static -framework CoreFoundation  -lpthread -ldl -lobjc "
conftest.c:13:57: error: use of undeclared identifier 'rb_wait_for_single_fd'
int t(void) { void ((*volatile p)()); p = (void ((*)()))rb_wait_for_single_fd; return !p; }
                                                        ^
1 error generated.
checked program was:
/* begin */
 1: #include "ruby.h"
 2: 
 3: /*top*/
 4: extern int t(void);
 5: int main(int argc, char **argv)
 6: {
 7:   if (argc > 1000000) {
 8:     printf("%p", &t);
 9:   }
10: 
11:   return 0;
12: }
13: int t(void) { void ((*volatile p)()); p = (void ((*)()))rb_wait_for_single_fd; return !p; }
/* end */

"clang -o conftest -I/Users/shiho/.rbenv/versions/2.4.0/include/ruby-2.4.0/x86_64-darwin16 -I/Users/shiho/.rbenv/versions/2.4.0/include/ruby-2.4.0/ruby/backward -I/Users/shiho/.rbenv/versions/2.4.0/include/ruby-2.4.0 -I. -I/usr/local/opt/openssl/include  -O3 -Wno-error=shorten-64-to-32  -pipe conftest.c  -L. -L/Users/shiho/.rbenv/versions/2.4.0/lib -L/usr/local/opt/openssl/lib     -lruby-static -framework CoreFoundation  -lpthread -ldl -lobjc "
checked program was:
/* begin */
 1: #include "ruby.h"
 2: 
 3: /*top*/
 4: extern int t(void);
 5: int main(int argc, char **argv)
 6: {
 7:   if (argc > 1000000) {
 8:     printf("%p", &t);
 9:   }
10: 
11:   return 0;
12: }
13: extern void rb_wait_for_single_fd();
14: int t(void) { rb_wait_for_single_fd(); return 0; }
/* end */

--------------------

have_func: checking for rb_hash_dup()... -------------------- yes

"clang -o conftest -I/Users/shiho/.rbenv/versions/2.4.0/include/ruby-2.4.0/x86_64-darwin16 -I/Users/shiho/.rbenv/versions/2.4.0/include/ruby-2.4.0/ruby/backward -I/Users/shiho/.rbenv/versions/2.4.0/include/ruby-2.4.0 -I. -I/usr/local/opt/openssl/include  -O3 -Wno-error=shorten-64-to-32  -pipe conftest.c  -L. -L/Users/shiho/.rbenv/versions/2.4.0/lib -L/usr/local/opt/openssl/lib     -lruby-static -framework CoreFoundation  -lpthread -ldl -lobjc "
checked program was:
/* begin */
 1: #include "ruby.h"
 2: 
 3: /*top*/
 4: extern int t(void);
 5: int main(int argc, char **argv)
 6: {
 7:   if (argc > 1000000) {
 8:     printf("%p", &t);
 9:   }
10: 
11:   return 0;
12: }
13: int t(void) { void ((*volatile p)()); p = (void ((*)()))rb_hash_dup; return !p; }
/* end */

--------------------

have_func: checking for rb_intern3()... -------------------- yes

"clang -o conftest -I/Users/shiho/.rbenv/versions/2.4.0/include/ruby-2.4.0/x86_64-darwin16 -I/Users/shiho/.rbenv/versions/2.4.0/include/ruby-2.4.0/ruby/backward -I/Users/shiho/.rbenv/versions/2.4.0/include/ruby-2.4.0 -I. -I/usr/local/opt/openssl/include  -O3 -Wno-error=shorten-64-to-32  -pipe conftest.c  -L. -L/Users/shiho/.rbenv/versions/2.4.0/lib -L/usr/local/opt/openssl/lib     -lruby-static -framework CoreFoundation  -lpthread -ldl -lobjc "
conftest.c:13:57: error: use of undeclared identifier 'rb_intern3'
int t(void) { void ((*volatile p)()); p = (void ((*)()))rb_intern3; return !p; }
                                                        ^
1 error generated.
checked program was:
/* begin */
 1: #include "ruby.h"
 2: 
 3: /*top*/
 4: extern int t(void);
 5: int main(int argc, char **argv)
 6: {
 7:   if (argc > 1000000) {
 8:     printf("%p", &t);
 9:   }
10: 
11:   return 0;
12: }
13: int t(void) { void ((*volatile p)()); p = (void ((*)()))rb_intern3; return !p; }
/* end */

"clang -o conftest -I/Users/shiho/.rbenv/versions/2.4.0/include/ruby-2.4.0/x86_64-darwin16 -I/Users/shiho/.rbenv/versions/2.4.0/include/ruby-2.4.0/ruby/backward -I/Users/shiho/.rbenv/versions/2.4.0/include/ruby-2.4.0 -I. -I/usr/local/opt/openssl/include  -O3 -Wno-error=shorten-64-to-32  -pipe conftest.c  -L. -L/Users/shiho/.rbenv/versions/2.4.0/lib -L/usr/local/opt/openssl/lib     -lruby-static -framework CoreFoundation  -lpthread -ldl -lobjc "
checked program was:
/* begin */
 1: #include "ruby.h"
 2: 
 3: /*top*/
 4: extern int t(void);
 5: int main(int argc, char **argv)
 6: {
 7:   if (argc > 1000000) {
 8:     printf("%p", &t);
 9:   }
10: 
11:   return 0;
12: }
13: extern void rb_intern3();
14: int t(void) { rb_intern3(); return 0; }
/* end */

--------------------

have_func: checking for rb_big_cmp()... -------------------- yes

"clang -o conftest -I/Users/shiho/.rbenv/versions/2.4.0/include/ruby-2.4.0/x86_64-darwin16 -I/Users/shiho/.rbenv/versions/2.4.0/include/ruby-2.4.0/ruby/backward -I/Users/shiho/.rbenv/versions/2.4.0/include/ruby-2.4.0 -I. -I/usr/local/opt/openssl/include  -O3 -Wno-error=shorten-64-to-32  -pipe conftest.c  -L. -L/Users/shiho/.rbenv/versions/2.4.0/lib -L/usr/local/opt/openssl/lib     -lruby-static -framework CoreFoundation  -lpthread -ldl -lobjc "
checked program was:
/* begin */
 1: #include "ruby.h"
 2: 
 3: /*top*/
 4: extern int t(void);
 5: int main(int argc, char **argv)
 6: {
 7:   if (argc > 1000000) {
 8:     printf("%p", &t);
 9:   }
10: 
11:   return 0;
12: }
13: int t(void) { void ((*volatile p)()); p = (void ((*)()))rb_big_cmp; return !p; }
/* end */

--------------------

have_header: checking for mysql.h... -------------------- yes

"clang -E -I/Users/shiho/.rbenv/versions/2.4.0/include/ruby-2.4.0/x86_64-darwin16 -I/Users/shiho/.rbenv/versions/2.4.0/include/ruby-2.4.0/ruby/backward -I/Users/shiho/.rbenv/versions/2.4.0/include/ruby-2.4.0 -I. -I/usr/local/Cellar/mysql/5.7.17/include/mysql -I/usr/local/opt/openssl/include  -O3 -Wno-error=shorten-64-to-32  -pipe  conftest.c -o conftest.i"
checked program was:
/* begin */
1: #include "ruby.h"
2: 
3: #include <mysql.h>
/* end */

--------------------

have_header: checking for errmsg.h... -------------------- yes

"clang -E -I/Users/shiho/.rbenv/versions/2.4.0/include/ruby-2.4.0/x86_64-darwin16 -I/Users/shiho/.rbenv/versions/2.4.0/include/ruby-2.4.0/ruby/backward -I/Users/shiho/.rbenv/versions/2.4.0/include/ruby-2.4.0 -I. -I/usr/local/Cellar/mysql/5.7.17/include/mysql -I/usr/local/opt/openssl/include  -O3 -Wno-error=shorten-64-to-32  -pipe  conftest.c -o conftest.i"
checked program was:
/* begin */
1: #include "ruby.h"
2: 
3: #include <errmsg.h>
/* end */

--------------------

have_header: checking for mysqld_error.h... -------------------- yes

"clang -E -I/Users/shiho/.rbenv/versions/2.4.0/include/ruby-2.4.0/x86_64-darwin16 -I/Users/shiho/.rbenv/versions/2.4.0/include/ruby-2.4.0/ruby/backward -I/Users/shiho/.rbenv/versions/2.4.0/include/ruby-2.4.0 -I. -I/usr/local/Cellar/mysql/5.7.17/include/mysql -I/usr/local/opt/openssl/include  -O3 -Wno-error=shorten-64-to-32  -pipe  conftest.c -o conftest.i"
checked program was:
/* begin */
1: #include "ruby.h"
2: 
3: #include <mysqld_error.h>
/* end */

--------------------

have_const: checking for SSL_MODE_DISABLED in mysql.h... -------------------- yes

"clang -I/Users/shiho/.rbenv/versions/2.4.0/include/ruby-2.4.0/x86_64-darwin16 -I/Users/shiho/.rbenv/versions/2.4.0/include/ruby-2.4.0/ruby/backward -I/Users/shiho/.rbenv/versions/2.4.0/include/ruby-2.4.0 -I. -I/usr/local/Cellar/mysql/5.7.17/include/mysql -I/usr/local/opt/openssl/include  -O3 -Wno-error=shorten-64-to-32  -pipe   -c conftest.c"
checked program was:
/* begin */
1: #include "ruby.h"
2: 
3: #include <mysql.h>
4: 
5: /*top*/
6: typedef int conftest_type;
7: conftest_type conftestval = (int)SSL_MODE_DISABLED;
/* end */

--------------------

have_const: checking for SSL_MODE_PREFERRED in mysql.h... -------------------- yes

"clang -I/Users/shiho/.rbenv/versions/2.4.0/include/ruby-2.4.0/x86_64-darwin16 -I/Users/shiho/.rbenv/versions/2.4.0/include/ruby-2.4.0/ruby/backward -I/Users/shiho/.rbenv/versions/2.4.0/include/ruby-2.4.0 -I. -I/usr/local/Cellar/mysql/5.7.17/include/mysql -I/usr/local/opt/openssl/include  -O3 -Wno-error=shorten-64-to-32  -pipe   -c conftest.c"
checked program was:
/* begin */
1: #include "ruby.h"
2: 
3: #include <mysql.h>
4: 
5: /*top*/
6: typedef int conftest_type;
7: conftest_type conftestval = (int)SSL_MODE_PREFERRED;
/* end */

--------------------

have_const: checking for SSL_MODE_REQUIRED in mysql.h... -------------------- yes

"clang -I/Users/shiho/.rbenv/versions/2.4.0/include/ruby-2.4.0/x86_64-darwin16 -I/Users/shiho/.rbenv/versions/2.4.0/include/ruby-2.4.0/ruby/backward -I/Users/shiho/.rbenv/versions/2.4.0/include/ruby-2.4.0 -I. -I/usr/local/Cellar/mysql/5.7.17/include/mysql -I/usr/local/opt/openssl/include  -O3 -Wno-error=shorten-64-to-32  -pipe   -c conftest.c"
checked program was:
/* begin */
1: #include "ruby.h"
2: 
3: #include <mysql.h>
4: 
5: /*top*/
6: typedef int conftest_type;
7: conftest_type conftestval = (int)SSL_MODE_REQUIRED;
/* end */

--------------------

have_const: checking for SSL_MODE_VERIFY_CA in mysql.h... -------------------- yes

"clang -I/Users/shiho/.rbenv/versions/2.4.0/include/ruby-2.4.0/x86_64-darwin16 -I/Users/shiho/.rbenv/versions/2.4.0/include/ruby-2.4.0/ruby/backward -I/Users/shiho/.rbenv/versions/2.4.0/include/ruby-2.4.0 -I. -I/usr/local/Cellar/mysql/5.7.17/include/mysql -I/usr/local/opt/openssl/include  -O3 -Wno-error=shorten-64-to-32  -pipe   -c conftest.c"
checked program was:
/* begin */
1: #include "ruby.h"
2: 
3: #include <mysql.h>
4: 
5: /*top*/
6: typedef int conftest_type;
7: conftest_type conftestval = (int)SSL_MODE_VERIFY_CA;
/* end */

--------------------

have_const: checking for SSL_MODE_VERIFY_IDENTITY in mysql.h... -------------------- yes

"clang -I/Users/shiho/.rbenv/versions/2.4.0/include/ruby-2.4.0/x86_64-darwin16 -I/Users/shiho/.rbenv/versions/2.4.0/include/ruby-2.4.0/ruby/backward -I/Users/shiho/.rbenv/versions/2.4.0/include/ruby-2.4.0 -I. -I/usr/local/Cellar/mysql/5.7.17/include/mysql -I/usr/local/opt/openssl/include  -O3 -Wno-error=shorten-64-to-32  -pipe   -c conftest.c"
checked program was:
/* begin */
1: #include "ruby.h"
2: 
3: #include <mysql.h>
4: 
5: /*top*/
6: typedef int conftest_type;
7: conftest_type conftestval = (int)SSL_MODE_VERIFY_IDENTITY;
/* end */

--------------------

have_struct_member: checking for MYSQL.net.vio in mysql.h... -------------------- yes

"clang -I/Users/shiho/.rbenv/versions/2.4.0/include/ruby-2.4.0/x86_64-darwin16 -I/Users/shiho/.rbenv/versions/2.4.0/include/ruby-2.4.0/ruby/backward -I/Users/shiho/.rbenv/versions/2.4.0/include/ruby-2.4.0 -I. -I/usr/local/Cellar/mysql/5.7.17/include/mysql -I/usr/local/opt/openssl/include  -O3 -Wno-error=shorten-64-to-32  -pipe -DFULL_SSL_MODE_SUPPORT   -c conftest.c"
checked program was:
/* begin */
 1: #include "ruby.h"
 2: 
 3: #include <mysql.h>
 4: 
 5: /*top*/
 6: int s = (char *)&((MYSQL*)0)->net.vio - (char *)0;
 7: int main(int argc, char **argv)
 8: {
 9:   return 0;
10: }
/* end */

--------------------

have_struct_member: checking for MYSQL.net.pvio in mysql.h... -------------------- no

"clang -I/Users/shiho/.rbenv/versions/2.4.0/include/ruby-2.4.0/x86_64-darwin16 -I/Users/shiho/.rbenv/versions/2.4.0/include/ruby-2.4.0/ruby/backward -I/Users/shiho/.rbenv/versions/2.4.0/include/ruby-2.4.0 -I. -I/usr/local/Cellar/mysql/5.7.17/include/mysql -I/usr/local/opt/openssl/include  -O3 -Wno-error=shorten-64-to-32  -pipe -DFULL_SSL_MODE_SUPPORT   -c conftest.c"
conftest.c:6:35: error: no member named 'pvio' in 'struct st_net'; did you mean 'vio'?
int s = (char *)&((MYSQL*)0)->net.pvio - (char *)0;
                                  ^~~~
                                  vio
/usr/local/Cellar/mysql/5.7.17/include/mysql/mysql_com.h:332:8: note: 'vio' declared here
  Vio *vio;
       ^
1 error generated.
checked program was:
/* begin */
 1: #include "ruby.h"
 2: 
 3: #include <mysql.h>
 4: 
 5: /*top*/
 6: int s = (char *)&((MYSQL*)0)->net.pvio - (char *)0;
 7: int main(int argc, char **argv)
 8: {
 9:   return 0;
10: }
/* end */

--------------------

have_const: checking for MYSQL_ENABLE_CLEARTEXT_PLUGIN in mysql.h... -------------------- yes

"clang -I/Users/shiho/.rbenv/versions/2.4.0/include/ruby-2.4.0/x86_64-darwin16 -I/Users/shiho/.rbenv/versions/2.4.0/include/ruby-2.4.0/ruby/backward -I/Users/shiho/.rbenv/versions/2.4.0/include/ruby-2.4.0 -I. -I/usr/local/Cellar/mysql/5.7.17/include/mysql -I/usr/local/opt/openssl/include  -O3 -Wno-error=shorten-64-to-32  -pipe -DFULL_SSL_MODE_SUPPORT   -c conftest.c"
checked program was:
/* begin */
1: #include "ruby.h"
2: 
3: #include <mysql.h>
4: 
5: /*top*/
6: typedef int conftest_type;
7: conftest_type conftestval = (int)MYSQL_ENABLE_CLEARTEXT_PLUGIN;
/* end */

--------------------

"clang -o conftest -I/Users/shiho/.rbenv/versions/2.4.0/include/ruby-2.4.0/x86_64-darwin16 -I/Users/shiho/.rbenv/versions/2.4.0/include/ruby-2.4.0/ruby/backward -I/Users/shiho/.rbenv/versions/2.4.0/include/ruby-2.4.0 -I. -I/usr/local/Cellar/mysql/5.7.17/include/mysql -I/usr/local/opt/openssl/include  -O3 -Wno-error=shorten-64-to-32  -pipe -DFULL_SSL_MODE_SUPPORT conftest.c  -L. -L/Users/shiho/.rbenv/versions/2.4.0/lib -L/usr/local/opt/openssl/lib    -L/usr/local/Cellar/mysql/5.7.17/lib -lmysqlclient -lssl -lcrypto  -lruby-static -framework CoreFoundation -Werror -Weverything -lpthread -ldl -lobjc "
In file included from conftest.c:1:
In file included from /Users/shiho/.rbenv/versions/2.4.0/include/ruby-2.4.0/ruby.h:33:
In file included from /Users/shiho/.rbenv/versions/2.4.0/include/ruby-2.4.0/ruby/ruby.h:24:
/Users/shiho/.rbenv/versions/2.4.0/include/ruby-2.4.0/x86_64-darwin16/ruby/config.h:15:9: error: macro name is a reserved identifier [-Werror,-Wreserved-id-macro]
#define __EXTENSIONS__ 1
        ^
/Users/shiho/.rbenv/versions/2.4.0/include/ruby-2.4.0/x86_64-darwin16/ruby/config.h:16:9: error: macro name is a reserved identifier [-Werror,-Wreserved-id-macro]
#define _ALL_SOURCE 1
        ^
/Users/shiho/.rbenv/versions/2.4.0/include/ruby-2.4.0/x86_64-darwin16/ruby/config.h:17:9: error: macro name is a reserved identifier [-Werror,-Wreserved-id-macro]
#define _GNU_SOURCE 1
        ^
/Users/shiho/.rbenv/versions/2.4.0/include/ruby-2.4.0/x86_64-darwin16/ruby/config.h:18:9: error: macro name is a reserved identifier [-Werror,-Wreserved-id-macro]
#define _POSIX_PTHREAD_SEMANTICS 1
        ^
/Users/shiho/.rbenv/versions/2.4.0/include/ruby-2.4.0/x86_64-darwin16/ruby/config.h:19:9: error: macro name is a reserved identifier [-Werror,-Wreserved-id-macro]
#define _TANDEM_SOURCE 1
        ^
/Users/shiho/.rbenv/versions/2.4.0/include/ruby-2.4.0/x86_64-darwin16/ruby/config.h:313:9: error: macro name is a reserved identifier [-Werror,-Wreserved-id-macro]
#define __STDC_WANT_LIB_EXT1__ 1
        ^
/Users/shiho/.rbenv/versions/2.4.0/include/ruby-2.4.0/x86_64-darwin16/ruby/config.h:347:9: error: macro name is a reserved identifier [-Werror,-Wreserved-id-macro]
#define _REENTRANT 1
        ^
/Users/shiho/.rbenv/versions/2.4.0/include/ruby-2.4.0/x86_64-darwin16/ruby/config.h:348:9: error: macro name is a reserved identifier [-Werror,-Wreserved-id-macro]
#define _THREAD_SAFE 1
        ^
In file included from conftest.c:1:
In file included from /Users/shiho/.rbenv/versions/2.4.0/include/ruby-2.4.0/ruby.h:33:
In file included from /Users/shiho/.rbenv/versions/2.4.0/include/ruby-2.4.0/ruby/ruby.h:36:
/Users/shiho/.rbenv/versions/2.4.0/include/ruby-2.4.0/ruby/defines.h:163:8: error: macro name is a reserved identifier [-Werror,-Wreserved-id-macro]
#undef __
       ^
/Users/shiho/.rbenv/versions/2.4.0/include/ruby-2.4.0/ruby/defines.h:165:10: error: macro name is a reserved identifier [-Werror,-Wreserved-id-macro]
# define __(args) args
         ^
In file included from conftest.c:1:
In file included from /Users/shiho/.rbenv/versions/2.4.0/include/ruby-2.4.0/ruby.h:33:
/Users/shiho/.rbenv/versions/2.4.0/include/ruby-2.4.0/ruby/ruby.h:840:5: error: signed shift result (0x80000000) sets the sign bit of the shift expression's type ('int') and becomes negative [-Werror,-Wshift-sign-overflow]
    RUBY_FL_USER_N(19),
    ^~~~~~~~~~~~~~~~~~
/Users/shiho/.rbenv/versions/2.4.0/include/ruby-2.4.0/ruby/ruby.h:819:47: note: expanded from macro 'RUBY_FL_USER_N'
#define RUBY_FL_USER_N(n) RUBY_FL_USER##n = (1<<(RUBY_FL_USHIFT+n))
                                             ~^ ~~~~~~~~~~~~~~~~~~
/Users/shiho/.rbenv/versions/2.4.0/include/ruby-2.4.0/ruby/ruby.h:890:13: error: padding struct 'struct RObject::(anonymous at /Users/shiho/.rbenv/versions/2.4.0/include/ruby-2.4.0/ruby/ruby.h:888:2)' with 4 bytes to align 'ivptr' [-Werror,-Wpadded]
            VALUE *ivptr;
                   ^
/Users/shiho/.rbenv/versions/2.4.0/include/ruby-2.4.0/ruby/ruby.h:1311:9: error: disabled expansion of recursive macro [-Werror,-Wdisabled-macro-expansion]
    if (RB_FL_ABLE(x)) {
        ^
/Users/shiho/.rbenv/versions/2.4.0/include/ruby-2.4.0/ruby/ruby.h:1247:25: note: expanded from macro 'RB_FL_ABLE'
#define RB_FL_ABLE(x) (!RB_SPECIAL_CONST_P(x) && RB_BUILTIN_TYPE(x) != RUBY_T_NODE)
                        ^
/Users/shiho/.rbenv/versions/2.4.0/include/ruby-2.4.0/ruby/ruby.h:1244:54: note: expanded from macro 'RB_SPECIAL_CONST_P'
#define RB_SPECIAL_CONST_P(x) (RB_IMMEDIATE_P(x) || !RB_TEST(x))
                                                     ^
/Users/shiho/.rbenv/versions/2.4.0/include/ruby-2.4.0/ruby/ruby.h:448:44: note: expanded from macro 'RB_TEST'
#define RB_TEST(v) !(((VALUE)(v) & (VALUE)~RUBY_Qnil) == 0)
                                           ^
/Users/shiho/.rbenv/versions/2.4.0/include/ruby-2.4.0/ruby/ruby.h:434:29: note: expanded from macro 'RUBY_Qnil'
#define RUBY_Qnil   ((VALUE)RUBY_Qnil)
                            ^
/Users/shiho/.rbenv/versions/2.4.0/include/ruby-2.4.0/ruby/ruby.h:1465:10: error: disabled expansion of recursive macro [-Werror,-Wdisabled-macro-expansion]
    if (!RB_SPECIAL_CONST_P(b)) {
         ^
/Users/shiho/.rbenv/versions/2.4.0/include/ruby-2.4.0/ruby/ruby.h:1244:54: note: expanded from macro 'RB_SPECIAL_CONST_P'
#define RB_SPECIAL_CONST_P(x) (RB_IMMEDIATE_P(x) || !RB_TEST(x))
                                                     ^
/Users/shiho/.rbenv/versions/2.4.0/include/ruby-2.4.0/ruby/ruby.h:448:44: note: expanded from macro 'RB_TEST'
#define RB_TEST(v) !(((VALUE)(v) & (VALUE)~RUBY_Qnil) == 0)
                                           ^
/Users/shiho/.rbenv/versions/2.4.0/include/ruby-2.4.0/ruby/ruby.h:434:29: note: expanded from macro 'RUBY_Qnil'
#define RUBY_Qnil   ((VALUE)RUBY_Qnil)
                            ^
/Users/shiho/.rbenv/versions/2.4.0/include/ruby-2.4.0/ruby/ruby.h:1483:23: error: disabled expansion of recursive macro [-Werror,-Wdisabled-macro-expansion]
    rb_obj_written(a, RUBY_Qundef /* ignore `oldv' now */, b, filename, line);
                      ^
/Users/shiho/.rbenv/versions/2.4.0/include/ruby-2.4.0/ruby/ruby.h:435:29: note: expanded from macro 'RUBY_Qundef'
#define RUBY_Qundef ((VALUE)RUBY_Qundef)        /* undefined value for placeholder */
                            ^
/Users/shiho/.rbenv/versions/2.4.0/include/ruby-2.4.0/ruby/ruby.h:1483:63: error: 'filename' was marked unused but was used [-Werror,-Wused-but-marked-unused]
    rb_obj_written(a, RUBY_Qundef /* ignore `oldv' now */, b, filename, line);
                                                              ^
/Users/shiho/.rbenv/versions/2.4.0/include/ruby-2.4.0/ruby/ruby.h:1483:73: error: 'line' was marked unused but was used [-Werror,-Wused-but-marked-unused]
    rb_obj_written(a, RUBY_Qundef /* ignore `oldv' now */, b, filename, line);
                                                                        ^
/Users/shiho/.rbenv/versions/2.4.0/include/ruby-2.4.0/ruby/ruby.h:1560:9: error: disabled expansion of recursive macro [-Werror,-Wdisabled-macro-expansion]
    if (RB_TYPE_P(x, RUBY_T_STRING) && (RSTRING_LEN(x)>=1))
        ^
/Users/shiho/.rbenv/versions/2.4.0/include/ruby-2.4.0/ruby/ruby.h:529:38: note: expanded from macro 'RB_TYPE_P'
        ((type) == RUBY_T_TRUE) ? ((obj) == RUBY_Qtrue) : \
                                            ^
/Users/shiho/.rbenv/versions/2.4.0/include/ruby-2.4.0/ruby/ruby.h:433:29: note: expanded from macro 'RUBY_Qtrue'
#define RUBY_Qtrue  ((VALUE)RUBY_Qtrue)
                            ^
/Users/shiho/.rbenv/versions/2.4.0/include/ruby-2.4.0/ruby/ruby.h:1560:9: error: disabled expansion of recursive macro [-Werror,-Wdisabled-macro-expansion]
/Users/shiho/.rbenv/versions/2.4.0/include/ruby-2.4.0/ruby/ruby.h:530:39: note: expanded from macro 'RB_TYPE_P'
        ((type) == RUBY_T_FALSE) ? ((obj) == RUBY_Qfalse) : \
                                             ^
/Users/shiho/.rbenv/versions/2.4.0/include/ruby-2.4.0/ruby/ruby.h:432:29: note: expanded from macro 'RUBY_Qfalse'
#define RUBY_Qfalse ((VALUE)RUBY_Qfalse)
                            ^
fatal error: too many errors emitted, stopping now [-ferror-limit=]
20 errors generated.
checked program was:
/* begin */
1: #include "ruby.h"
2: 
3: int main() {return 0;}
/* end */

"clang -o conftest -I/Users/shiho/.rbenv/versions/2.4.0/include/ruby-2.4.0/x86_64-darwin16 -I/Users/shiho/.rbenv/versions/2.4.0/include/ruby-2.4.0/ruby/backward -I/Users/shiho/.rbenv/versions/2.4.0/include/ruby-2.4.0 -I. -I/usr/local/Cellar/mysql/5.7.17/include/mysql -I/usr/local/opt/openssl/include  -O3 -Wno-error=shorten-64-to-32  -pipe -DFULL_SSL_MODE_SUPPORT conftest.c  -L. -L/Users/shiho/.rbenv/versions/2.4.0/lib -L/usr/local/opt/openssl/lib    -L/usr/local/Cellar/mysql/5.7.17/lib -lmysqlclient -lssl -lcrypto  -lruby-static -framework CoreFoundation -Werror -Wno-bad-function-cast -lpthread -ldl -lobjc "
checked program was:
/* begin */
1: #include "ruby.h"
2: 
3: int main() {return 0;}
/* end */

"clang -o conftest -I/Users/shiho/.rbenv/versions/2.4.0/include/ruby-2.4.0/x86_64-darwin16 -I/Users/shiho/.rbenv/versions/2.4.0/include/ruby-2.4.0/ruby/backward -I/Users/shiho/.rbenv/versions/2.4.0/include/ruby-2.4.0 -I. -I/usr/local/Cellar/mysql/5.7.17/include/mysql -I/usr/local/opt/openssl/include  -O3 -Wno-error=shorten-64-to-32  -pipe -DFULL_SSL_MODE_SUPPORT conftest.c  -L. -L/Users/shiho/.rbenv/versions/2.4.0/lib -L/usr/local/opt/openssl/lib    -L/usr/local/Cellar/mysql/5.7.17/lib -lmysqlclient -lssl -lcrypto  -lruby-static -framework CoreFoundation -Werror -Wno-conditional-uninitialized -lpthread -ldl -lobjc "
checked program was:
/* begin */
1: #include "ruby.h"
2: 
3: int main() {return 0;}
/* end */

"clang -o conftest -I/Users/shiho/.rbenv/versions/2.4.0/include/ruby-2.4.0/x86_64-darwin16 -I/Users/shiho/.rbenv/versions/2.4.0/include/ruby-2.4.0/ruby/backward -I/Users/shiho/.rbenv/versions/2.4.0/include/ruby-2.4.0 -I. -I/usr/local/Cellar/mysql/5.7.17/include/mysql -I/usr/local/opt/openssl/include  -O3 -Wno-error=shorten-64-to-32  -pipe -DFULL_SSL_MODE_SUPPORT conftest.c  -L. -L/Users/shiho/.rbenv/versions/2.4.0/lib -L/usr/local/opt/openssl/lib    -L/usr/local/Cellar/mysql/5.7.17/lib -lmysqlclient -lssl -lcrypto  -lruby-static -framework CoreFoundation -Werror -Wno-covered-switch-default -lpthread -ldl -lobjc "
checked program was:
/* begin */
1: #include "ruby.h"
2: 
3: int main() {return 0;}
/* end */

"clang -o conftest -I/Users/shiho/.rbenv/versions/2.4.0/include/ruby-2.4.0/x86_64-darwin16 -I/Users/shiho/.rbenv/versions/2.4.0/include/ruby-2.4.0/ruby/backward -I/Users/shiho/.rbenv/versions/2.4.0/include/ruby-2.4.0 -I. -I/usr/local/Cellar/mysql/5.7.17/include/mysql -I/usr/local/opt/openssl/include  -O3 -Wno-error=shorten-64-to-32  -pipe -DFULL_SSL_MODE_SUPPORT conftest.c  -L. -L/Users/shiho/.rbenv/versions/2.4.0/lib -L/usr/local/opt/openssl/lib    -L/usr/local/Cellar/mysql/5.7.17/lib -lmysqlclient -lssl -lcrypto  -lruby-static -framework CoreFoundation -Werror -Wno-declaration-after-statement -lpthread -ldl -lobjc "
checked program was:
/* begin */
1: #include "ruby.h"
2: 
3: int main() {return 0;}
/* end */

"clang -o conftest -I/Users/shiho/.rbenv/versions/2.4.0/include/ruby-2.4.0/x86_64-darwin16 -I/Users/shiho/.rbenv/versions/2.4.0/include/ruby-2.4.0/ruby/backward -I/Users/shiho/.rbenv/versions/2.4.0/include/ruby-2.4.0 -I. -I/usr/local/Cellar/mysql/5.7.17/include/mysql -I/usr/local/opt/openssl/include  -O3 -Wno-error=shorten-64-to-32  -pipe -DFULL_SSL_MODE_SUPPORT conftest.c  -L. -L/Users/shiho/.rbenv/versions/2.4.0/lib -L/usr/local/opt/openssl/lib    -L/usr/local/Cellar/mysql/5.7.17/lib -lmysqlclient -lssl -lcrypto  -lruby-static -framework CoreFoundation -Werror -Wno-disabled-macro-expansion -lpthread -ldl -lobjc "
checked program was:
/* begin */
1: #include "ruby.h"
2: 
3: int main() {return 0;}
/* end */

"clang -o conftest -I/Users/shiho/.rbenv/versions/2.4.0/include/ruby-2.4.0/x86_64-darwin16 -I/Users/shiho/.rbenv/versions/2.4.0/include/ruby-2.4.0/ruby/backward -I/Users/shiho/.rbenv/versions/2.4.0/include/ruby-2.4.0 -I. -I/usr/local/Cellar/mysql/5.7.17/include/mysql -I/usr/local/opt/openssl/include  -O3 -Wno-error=shorten-64-to-32  -pipe -DFULL_SSL_MODE_SUPPORT conftest.c  -L. -L/Users/shiho/.rbenv/versions/2.4.0/lib -L/usr/local/opt/openssl/lib    -L/usr/local/Cellar/mysql/5.7.17/lib -lmysqlclient -lssl -lcrypto  -lruby-static -framework CoreFoundation -Werror -Wno-documentation-unknown-command -lpthread -ldl -lobjc "
checked program was:
/* begin */
1: #include "ruby.h"
2: 
3: int main() {return 0;}
/* end */

"clang -o conftest -I/Users/shiho/.rbenv/versions/2.4.0/include/ruby-2.4.0/x86_64-darwin16 -I/Users/shiho/.rbenv/versions/2.4.0/include/ruby-2.4.0/ruby/backward -I/Users/shiho/.rbenv/versions/2.4.0/include/ruby-2.4.0 -I. -I/usr/local/Cellar/mysql/5.7.17/include/mysql -I/usr/local/opt/openssl/include  -O3 -Wno-error=shorten-64-to-32  -pipe -DFULL_SSL_MODE_SUPPORT conftest.c  -L. -L/Users/shiho/.rbenv/versions/2.4.0/lib -L/usr/local/opt/openssl/lib    -L/usr/local/Cellar/mysql/5.7.17/lib -lmysqlclient -lssl -lcrypto  -lruby-static -framework CoreFoundation -Werror -Wno-missing-field-initializers -lpthread -ldl -lobjc "
checked program was:
/* begin */
1: #include "ruby.h"
2: 
3: int main() {return 0;}
/* end */

"clang -o conftest -I/Users/shiho/.rbenv/versions/2.4.0/include/ruby-2.4.0/x86_64-darwin16 -I/Users/shiho/.rbenv/versions/2.4.0/include/ruby-2.4.0/ruby/backward -I/Users/shiho/.rbenv/versions/2.4.0/include/ruby-2.4.0 -I. -I/usr/local/Cellar/mysql/5.7.17/include/mysql -I/usr/local/opt/openssl/include  -O3 -Wno-error=shorten-64-to-32  -pipe -DFULL_SSL_MODE_SUPPORT conftest.c  -L. -L/Users/shiho/.rbenv/versions/2.4.0/lib -L/usr/local/opt/openssl/lib    -L/usr/local/Cellar/mysql/5.7.17/lib -lmysqlclient -lssl -lcrypto  -lruby-static -framework CoreFoundation -Werror -Wno-missing-variable-declarations -lpthread -ldl -lobjc "
checked program was:
/* begin */
1: #include "ruby.h"
2: 
3: int main() {return 0;}
/* end */

"clang -o conftest -I/Users/shiho/.rbenv/versions/2.4.0/include/ruby-2.4.0/x86_64-darwin16 -I/Users/shiho/.rbenv/versions/2.4.0/include/ruby-2.4.0/ruby/backward -I/Users/shiho/.rbenv/versions/2.4.0/include/ruby-2.4.0 -I. -I/usr/local/Cellar/mysql/5.7.17/include/mysql -I/usr/local/opt/openssl/include  -O3 -Wno-error=shorten-64-to-32  -pipe -DFULL_SSL_MODE_SUPPORT conftest.c  -L. -L/Users/shiho/.rbenv/versions/2.4.0/lib -L/usr/local/opt/openssl/lib    -L/usr/local/Cellar/mysql/5.7.17/lib -lmysqlclient -lssl -lcrypto  -lruby-static -framework CoreFoundation -Werror -Wno-padded -lpthread -ldl -lobjc "
checked program was:
/* begin */
1: #include "ruby.h"
2: 
3: int main() {return 0;}
/* end */

"clang -o conftest -I/Users/shiho/.rbenv/versions/2.4.0/include/ruby-2.4.0/x86_64-darwin16 -I/Users/shiho/.rbenv/versions/2.4.0/include/ruby-2.4.0/ruby/backward -I/Users/shiho/.rbenv/versions/2.4.0/include/ruby-2.4.0 -I. -I/usr/local/Cellar/mysql/5.7.17/include/mysql -I/usr/local/opt/openssl/include  -O3 -Wno-error=shorten-64-to-32  -pipe -DFULL_SSL_MODE_SUPPORT conftest.c  -L. -L/Users/shiho/.rbenv/versions/2.4.0/lib -L/usr/local/opt/openssl/lib    -L/usr/local/Cellar/mysql/5.7.17/lib -lmysqlclient -lssl -lcrypto  -lruby-static -framework CoreFoundation -Werror -Wno-reserved-id-macro -lpthread -ldl -lobjc "
checked program was:
/* begin */
1: #include "ruby.h"
2: 
3: int main() {return 0;}
/* end */

"clang -o conftest -I/Users/shiho/.rbenv/versions/2.4.0/include/ruby-2.4.0/x86_64-darwin16 -I/Users/shiho/.rbenv/versions/2.4.0/include/ruby-2.4.0/ruby/backward -I/Users/shiho/.rbenv/versions/2.4.0/include/ruby-2.4.0 -I. -I/usr/local/Cellar/mysql/5.7.17/include/mysql -I/usr/local/opt/openssl/include  -O3 -Wno-error=shorten-64-to-32  -pipe -DFULL_SSL_MODE_SUPPORT conftest.c  -L. -L/Users/shiho/.rbenv/versions/2.4.0/lib -L/usr/local/opt/openssl/lib    -L/usr/local/Cellar/mysql/5.7.17/lib -lmysqlclient -lssl -lcrypto  -lruby-static -framework CoreFoundation -Werror -Wno-sign-conversion -lpthread -ldl -lobjc "
checked program was:
/* begin */
1: #include "ruby.h"
2: 
3: int main() {return 0;}
/* end */

"clang -o conftest -I/Users/shiho/.rbenv/versions/2.4.0/include/ruby-2.4.0/x86_64-darwin16 -I/Users/shiho/.rbenv/versions/2.4.0/include/ruby-2.4.0/ruby/backward -I/Users/shiho/.rbenv/versions/2.4.0/include/ruby-2.4.0 -I. -I/usr/local/Cellar/mysql/5.7.17/include/mysql -I/usr/local/opt/openssl/include  -O3 -Wno-error=shorten-64-to-32  -pipe -DFULL_SSL_MODE_SUPPORT conftest.c  -L. -L/Users/shiho/.rbenv/versions/2.4.0/lib -L/usr/local/opt/openssl/lib    -L/usr/local/Cellar/mysql/5.7.17/lib -lmysqlclient -lssl -lcrypto  -lruby-static -framework CoreFoundation -Werror -Wno-static-in-inline -lpthread -ldl -lobjc "
checked program was:
/* begin */
1: #include "ruby.h"
2: 
3: int main() {return 0;}
/* end */

"clang -o conftest -I/Users/shiho/.rbenv/versions/2.4.0/include/ruby-2.4.0/x86_64-darwin16 -I/Users/shiho/.rbenv/versions/2.4.0/include/ruby-2.4.0/ruby/backward -I/Users/shiho/.rbenv/versions/2.4.0/include/ruby-2.4.0 -I. -I/usr/local/Cellar/mysql/5.7.17/include/mysql -I/usr/local/opt/openssl/include  -O3 -Wno-error=shorten-64-to-32  -pipe -DFULL_SSL_MODE_SUPPORT conftest.c  -L. -L/Users/shiho/.rbenv/versions/2.4.0/lib -L/usr/local/opt/openssl/lib    -L/usr/local/Cellar/mysql/5.7.17/lib -lmysqlclient -lssl -lcrypto  -lruby-static -framework CoreFoundation -Werror -Wno-switch-enum -lpthread -ldl -lobjc "
checked program was:
/* begin */
1: #include "ruby.h"
2: 
3: int main() {return 0;}
/* end */

"clang -o conftest -I/Users/shiho/.rbenv/versions/2.4.0/include/ruby-2.4.0/x86_64-darwin16 -I/Users/shiho/.rbenv/versions/2.4.0/include/ruby-2.4.0/ruby/backward -I/Users/shiho/.rbenv/versions/2.4.0/include/ruby-2.4.0 -I. -I/usr/local/Cellar/mysql/5.7.17/include/mysql -I/usr/local/opt/openssl/include  -O3 -Wno-error=shorten-64-to-32  -pipe -DFULL_SSL_MODE_SUPPORT conftest.c  -L. -L/Users/shiho/.rbenv/versions/2.4.0/lib -L/usr/local/opt/openssl/lib    -L/usr/local/Cellar/mysql/5.7.17/lib -lmysqlclient -lssl -lcrypto  -lruby-static -framework CoreFoundation -Werror -Wno-undef -lpthread -ldl -lobjc "
checked program was:
/* begin */
1: #include "ruby.h"
2: 
3: int main() {return 0;}
/* end */

"clang -o conftest -I/Users/shiho/.rbenv/versions/2.4.0/include/ruby-2.4.0/x86_64-darwin16 -I/Users/shiho/.rbenv/versions/2.4.0/include/ruby-2.4.0/ruby/backward -I/Users/shiho/.rbenv/versions/2.4.0/include/ruby-2.4.0 -I. -I/usr/local/Cellar/mysql/5.7.17/include/mysql -I/usr/local/opt/openssl/include  -O3 -Wno-error=shorten-64-to-32  -pipe -DFULL_SSL_MODE_SUPPORT conftest.c  -L. -L/Users/shiho/.rbenv/versions/2.4.0/lib -L/usr/local/opt/openssl/lib    -L/usr/local/Cellar/mysql/5.7.17/lib -lmysqlclient -lssl -lcrypto  -lruby-static -framework CoreFoundation -Werror -Wno-unreachable-code -lpthread -ldl -lobjc "
checked program was:
/* begin */
1: #include "ruby.h"
2: 
3: int main() {return 0;}
/* end */

"clang -o conftest -I/Users/shiho/.rbenv/versions/2.4.0/include/ruby-2.4.0/x86_64-darwin16 -I/Users/shiho/.rbenv/versions/2.4.0/include/ruby-2.4.0/ruby/backward -I/Users/shiho/.rbenv/versions/2.4.0/include/ruby-2.4.0 -I. -I/usr/local/Cellar/mysql/5.7.17/include/mysql -I/usr/local/opt/openssl/include  -O3 -Wno-error=shorten-64-to-32  -pipe -DFULL_SSL_MODE_SUPPORT conftest.c  -L. -L/Users/shiho/.rbenv/versions/2.4.0/lib -L/usr/local/opt/openssl/lib    -L/usr/local/Cellar/mysql/5.7.17/lib -lmysqlclient -lssl -lcrypto  -lruby-static -framework CoreFoundation -Werror -Wno-used-but-marked-unused -lpthread -ldl -lobjc "
checked program was:
/* begin */
1: #include "ruby.h"
2: 
3: int main() {return 0;}
/* end */

"clang -o conftest -I/Users/shiho/.rbenv/versions/2.4.0/include/ruby-2.4.0/x86_64-darwin16 -I/Users/shiho/.rbenv/versions/2.4.0/include/ruby-2.4.0/ruby/backward -I/Users/shiho/.rbenv/versions/2.4.0/include/ruby-2.4.0 -I. -I/usr/local/Cellar/mysql/5.7.17/include/mysql -I/usr/local/opt/openssl/include  -O3 -Wno-error=shorten-64-to-32  -pipe -DFULL_SSL_MODE_SUPPORT -Wno-bad-function-cast -Wno-conditional-uninitialized -Wno-covered-switch-default -Wno-declaration-after-statement -Wno-disabled-macro-expansion -Wno-documentation-unknown-command -Wno-missing-field-initializers -Wno-missing-variable-declarations -Wno-padded -Wno-reserved-id-macro -Wno-sign-conversion -Wno-static-in-inline -Wno-switch-enum -Wno-undef -Wno-unreachable-code -Wno-used-but-marked-unused conftest.c  -L. -L/Users/shiho/.rbenv/versions/2.4.0/lib -L/usr/local/opt/openssl/lib    -L/usr/local/Cellar/mysql/5.7.17/lib -lmysqlclient -lssl -lcrypto  -lruby-static -framework CoreFoundation  -Wl,-rpath,/usr/local/Cellar/mysql/5.7.17/lib -lpthread -ldl -lobjc "
checked program was:
/* begin */
1: #include "ruby.h"
2: 
3: int main() {return 0;}
/* end */

